<?xml version="1.0" encoding="UTF-8"?>
<!-- Generated by org.testng.reporters.JUnitReportReporter -->
<testsuite hostname="DESKTOP-1KMDQFU" failures="0" tests="1" name="basics.Framesi" time="16.363" errors="0" timestamp="2023-09-13T09:49:28 IST" skipped="0">
  <testcase classname="basics.Framesi" name="frametest" time="16.363"/>
</testsuite> <!-- basics.Framesi -->
