<?xml version="1.0" encoding="UTF-8"?>
<!-- Generated by org.testng.reporters.JUnitReportReporter -->
<testsuite hostname="DESKTOP-1KMDQFU" failures="0" tests="4" name="testNgg.Flagg" time="21.132" errors="0" timestamp="2023-09-05T15:52:53 IST" skipped="1">
  <testcase classname="testNgg.Flagg" name="Empregistration" time="8.516"/>
  <testcase classname="testNgg.Flagg" name="Emplogin" time="6.331"/>
  <testcase classname="testNgg.Flagg" name="EmpDatainsertion" time="6.285"/>
  <testcase classname="testNgg.Flagg" name="emplogout">
    <skipped/>
  </testcase> <!-- emplogout -->
</testsuite> <!-- testNgg.Flagg -->
