<?xml version="1.0" encoding="UTF-8"?>
<!-- Generated by org.testng.reporters.JUnitReportReporter -->
<testsuite hostname="DESKTOP-1KMDQFU" failures="0" tests="1" name="basics.Initialization" time="3.485" errors="0" timestamp="2023-08-03T11:36:51 IST" skipped="0">
  <testcase classname="basics.Initialization" name="test1" time="3.485"/>
</testsuite> <!-- basics.Initialization -->
