<?xml version="1.0" encoding="UTF-8"?>
<!-- Generated by org.testng.reporters.JUnitReportReporter -->
<testsuite hostname="DESKTOP-1KMDQFU" failures="0" tests="6" name="testNgg.TestProces" time="25.908" errors="0" timestamp="2023-09-04T13:18:27 IST" skipped="0">
  <testcase classname="testNgg.TestProces" name="login" time="6.365"/>
  <testcase classname="testNgg.TestProces" name="login" time="5.489"/>
  <testcase classname="testNgg.TestProces" name="login" time="3.826"/>
  <testcase classname="testNgg.TestProces" name="login" time="3.244"/>
  <testcase classname="testNgg.TestProces" name="login" time="3.604"/>
  <testcase classname="testNgg.TestProces" name="login" time="3.380"/>
</testsuite> <!-- testNgg.TestProces -->
